{
  "stats": {
    "suites": 1,
    "tests": 1,
    "passes": 0,
    "pending": 0,
    "failures": 1,
    "start": "2022-05-15T08:30:43.344Z",
    "end": "2022-05-15T08:31:23.191Z",
    "duration": 39847,
    "testsRegistered": 1,
    "passPercent": 0,
    "pendingPercent": 0,
    "other": 0,
    "hasOther": false,
    "skipped": 0,
    "hasSkipped": false
  },
  "results": [
    {
      "uuid": "266c9cca-7b66-42af-9f78-77107d4ad902",
      "title": "",
      "fullFile": "cypress/integration/interceptPractice.spec.ts",
      "file": "cypress/integration/interceptPractice.spec.ts",
      "beforeHooks": [],
      "afterHooks": [],
      "tests": [],
      "suites": [
        {
          "uuid": "0f30ad2a-8f68-414f-8952-7ed64b6569d6",
          "title": "test intercepting requests",
          "fullFile": "",
          "file": "",
          "beforeHooks": [],
          "afterHooks": [],
          "tests": [
            {
              "title": "tryna find javascript files in request",
              "fullTitle": "test intercepting requests tryna find javascript files in request",
              "timedOut": null,
              "duration": 37388,
              "state": "failed",
              "speed": null,
              "pass": false,
              "fail": true,
              "pending": false,
              "context": null,
              "code": "// cy.wait('@allJsFiles').its('response.statusCode').should('eq', 200)\ncy.get('#search2').type('wassap');\ncy.window().its('prompt').should('be.called');",
              "err": {
                "message": "CypressError: `cy.screenshot()` timed out waiting `30000ms` to complete.",
                "estack": "CypressError: `cy.screenshot()` timed out waiting `30000ms` to complete.\n    at https://www.w3schools.com/__cypress/runner/cypress_runner.js:164814:81\n    at tryCatcher (https://www.w3schools.com/__cypress/runner/cypress_runner.js:13022:23)\n    at https://www.w3schools.com/__cypress/runner/cypress_runner.js:8144:41\n    at tryCatcher (https://www.w3schools.com/__cypress/runner/cypress_runner.js:13022:23)\n    at Promise._settlePromiseFromHandler (https://www.w3schools.com/__cypress/runner/cypress_runner.js:10957:31)\n    at Promise._settlePromise (https://www.w3schools.com/__cypress/runner/cypress_runner.js:11014:18)\n    at Promise._settlePromise0 (https://www.w3schools.com/__cypress/runner/cypress_runner.js:11059:10)\n    at Promise._settlePromises (https://www.w3schools.com/__cypress/runner/cypress_runner.js:11135:18)\n    at _drainQueueStep (https://www.w3schools.com/__cypress/runner/cypress_runner.js:7729:12)\n    at _drainQueue (https://www.w3schools.com/__cypress/runner/cypress_runner.js:7722:9)\n    at Async.../../node_modules/bluebird/js/release/async.js.Async._drainQueues (https://www.w3schools.com/__cypress/runner/cypress_runner.js:7738:5)\n    at Async.drainQueues (https://www.w3schools.com/__cypress/runner/cypress_runner.js:7608:14)",
                "diff": null
              },
              "uuid": "4c6082a2-2b5c-4430-8f72-478c41ecffe2",
              "parentUUID": "0f30ad2a-8f68-414f-8952-7ed64b6569d6",
              "isHook": false,
              "skipped": false
            }
          ],
          "suites": [],
          "passes": [],
          "failures": [
            "4c6082a2-2b5c-4430-8f72-478c41ecffe2"
          ],
          "pending": [],
          "skipped": [],
          "duration": 37388,
          "root": false,
          "rootEmpty": false,
          "_timeout": 2000
        }
      ],
      "passes": [],
      "failures": [],
      "pending": [],
      "skipped": [],
      "duration": 0,
      "root": true,
      "rootEmpty": true,
      "_timeout": 2000
    }
  ],
  "meta": {
    "mocha": {
      "version": "7.0.1"
    },
    "mochawesome": {
      "options": {
        "quiet": false,
        "reportFilename": "mochawesome",
        "saveHtml": false,
        "saveJson": true,
        "consoleReporter": "spec",
        "useInlineDiffs": false,
        "code": true
      },
      "version": "7.1.3"
    },
    "marge": {
      "options": {
        "reportDir": "cypress\\reports\\.jsons",
        "charts": true,
        "reportPageTitle": "My Test Suite",
        "embeddedScreenshots": true,
        "html": false,
        "inlineAssets": true,
        "overwrite": false,
        "json": true
      },
      "version": "6.2.0"
    }
  }
}