{
  "stats": {
    "suites": 1,
    "tests": 2,
    "passes": 1,
    "pending": 0,
    "failures": 1,
    "start": "2022-05-26T06:02:47.663Z",
    "end": "2022-05-26T06:02:58.712Z",
    "duration": 11049,
    "testsRegistered": 2,
    "passPercent": 50,
    "pendingPercent": 0,
    "other": 0,
    "hasOther": false,
    "skipped": 0,
    "hasSkipped": false
  },
  "results": [
    {
      "uuid": "b9188c39-2fc5-45f5-95a2-9d774e915df0",
      "title": "",
      "fullFile": "cypress/integration/openingNewFile.spec.ts",
      "file": "cypress/integration/openingNewFile.spec.ts",
      "beforeHooks": [],
      "afterHooks": [],
      "tests": [],
      "suites": [
        {
          "uuid": "5d099efe-6e43-4c3c-88d2-b91ecd0a3ad9",
          "title": "opening new tab",
          "fullFile": "",
          "file": "",
          "beforeHooks": [],
          "afterHooks": [],
          "tests": [
            {
              "title": "opening new tab by removing attribute target pracitice",
              "fullTitle": "opening new tab opening new tab by removing attribute target pracitice",
              "timedOut": null,
              "duration": 3292,
              "state": "passed",
              "speed": "fast",
              "pass": true,
              "fail": false,
              "pending": false,
              "context": null,
              "code": "var containorOfNewWindowText = 'h3';\ncy.contains('Click Here').invoke('removeAttr', 'target').click();\ncy.url().should('include', '/windows/new');\ncy.get(containorOfNewWindowText).should('have.text', 'New Window');",
              "err": {},
              "uuid": "eba1f2d4-f79b-4b4d-a15c-f09b2bbf3bcf",
              "parentUUID": "5d099efe-6e43-4c3c-88d2-b91ecd0a3ad9",
              "isHook": false,
              "skipped": false
            },
            {
              "title": "opening new tab and spy/stub pracitice",
              "fullTitle": "opening new tab opening new tab and spy/stub pracitice",
              "timedOut": null,
              "duration": 4823,
              "state": "failed",
              "speed": null,
              "pass": false,
              "fail": true,
              "pending": false,
              "context": "{\n  \"title\": \"cypress-mochawesome-reporter-screenshots\",\n  \"value\": [\n    [\n      {\n        \"title\": \"Failed screenshot\",\n        \"value\": \"\\\\openingNewFile.spec.ts\\\\opening new tab -- opening new tab and spystub pracitice (failed).png\"\n      }\n    ]\n  ]\n}",
              "code": "cy.window().then(function (win) {\n    cy.spy(win, 'open').as('redirect');\n});\ncy.contains('Click Here').click();\ncy.get('@redirect').should('be.calledWith', '_blank', '/about');",
              "err": {
                "message": "AssertionError: Timed out retrying after 4000ms: expected redirect to have been called with arguments \"_blank\", \"/about\", but it was never called",
                "estack": "AssertionError: Timed out retrying after 4000ms: expected redirect to have been called with arguments \"_blank\", \"/about\", but it was never called\n    at Context.eval (https://the-internet.herokuapp.com/__cypress/tests?p=cypress\\integration\\openingNewFile.spec.ts:111:29)",
                "diff": null
              },
              "uuid": "4ca5c4a9-5626-4332-bd99-ee0162109daa",
              "parentUUID": "5d099efe-6e43-4c3c-88d2-b91ecd0a3ad9",
              "isHook": false,
              "skipped": false
            }
          ],
          "suites": [],
          "passes": [
            "eba1f2d4-f79b-4b4d-a15c-f09b2bbf3bcf"
          ],
          "failures": [
            "4ca5c4a9-5626-4332-bd99-ee0162109daa"
          ],
          "pending": [],
          "skipped": [],
          "duration": 8115,
          "root": false,
          "rootEmpty": false,
          "_timeout": 2000
        }
      ],
      "passes": [],
      "failures": [],
      "pending": [],
      "skipped": [],
      "duration": 0,
      "root": true,
      "rootEmpty": true,
      "_timeout": 2000
    }
  ],
  "meta": {
    "mocha": {
      "version": "7.0.1"
    },
    "mochawesome": {
      "options": {
        "quiet": false,
        "reportFilename": "mochawesome-report",
        "saveHtml": false,
        "saveJson": true,
        "consoleReporter": "spec",
        "useInlineDiffs": false,
        "code": true
      },
      "version": "7.1.3"
    },
    "marge": {
      "options": {
        "reportFilename": "mochawesome-report",
        "html": false,
        "overwrite": false,
        "timestamp": "longDate"
      },
      "version": "6.2.0"
    }
  }
}